[10/04/2022 21:44:52] Debug: Session id: 1dc4e36b-78ac-4275-b197-74968aa89d37
[10/04/2022 21:44:52] Debug: Code Processor information: Name :SnowConvert, Version: 9.2.23.0
[10/04/2022 21:44:53] Debug: Getting license
[10/04/2022 21:44:53] Debug: License information
	Status: Failed
	Message: No active license available.
[10/04/2022 21:44:53] Info: Starting to validate parameters
[10/04/2022 21:44:53] Info: Parameters to validate: 
	Execution mode: Conversion
	LICENSE_KEY: a3372138-b87e-4a08-b929-3b48b24c63f1
[10/04/2022 21:44:53] Info: Validation of parameters: Success
[10/04/2022 21:44:53] Debug: Getting code descriptor
[10/04/2022 21:44:53] Debug: Code descriptor information
	Units: 51
	Units type: LOC
	All file bytes: 2141
	All found extensions: .sql,.dml,.ddl,.bteq,.btq,.fl,.fload,.ml,.mload,.mld,.tp,.tpump,.tpt
[10/04/2022 21:44:53] Debug: Calculating fingerprint
[10/04/2022 21:44:53] Debug: Fingerprint information Fingerprint(size=2141,projects=1)
[10/04/2022 21:44:53] Info: Starting to try to validate online license for execution
[10/04/2022 21:44:54] Debug: Getting license
[10/04/2022 21:44:54] Debug: License information
	Status: Failed
	Message: No active license available.
[10/04/2022 21:44:54] Debug: Starting the execution of the controller
[10/04/2022 21:44:55] Debug: Executing the worker: SnowConvert
[10/04/2022 21:45:06] Debug: Finished executing the worker: SnowConvert
[10/04/2022 21:45:08] Info: Controller execution ended
